Dec 29 05:28 : update: added /Super Guitar Bros (Full Album).mp3
Dec 29 05:28 : update: added /Sonic - Medley - Super Guitar Bros.mp3
Dec 29 05:28 : update: added /James Blunt - 1973.mp3
Dec 29 05:28 : update: added /Jason Marz - I'm Yours.mp3
Dec 29 05:28 : update: added bought_music/Tokyo Street - Airtone.mp3
Dec 29 05:28 : update: added bought_music/Motions (Original Mix) - Nymfo, Maduk.mp3
Dec 29 05:28 : update: added bought_music/Echoes (Original Mix) - Qbig, Zenith B.mp3
Dec 29 05:28 : update: added christmas/We wish you a merry christmas.mp3
Dec 29 05:28 : update: added christmas/Santa Claus Is Coming To Town.mp3
Dec 29 05:28 : update: added christmas/Feliz Navidad.mp3
Dec 29 05:28 : update: added christmas/Michael Bublé - White Christmas.mp3
Dec 29 05:28 : update: added christmas/Britney Spears My Only Wish (This Year) - Christmas Song.mp3
Dec 29 05:28 : update: added christmas/Little Drummer Boy - Pentatonix.mp3
Dec 29 05:28 : update: added christmas/It's Not Christmas Without You - Victorious Cast Ft. Victoria Justice.mp3
Dec 29 05:28 : update: added christmas/Kelly Clarkson Have Yourself A Merry Little Christmas.mp3
Dec 29 05:28 : update: added christmas/Let it Snow - Michael Buble.mp3
Dec 29 05:28 : update: added christmas/Silent Night.mp3
Dec 29 05:28 : update: added christmas/Joy To The World.mp3
Dec 29 05:28 : update: added christmas/Glee - Jingle Bell Rock.mp3
Dec 29 05:28 : update: added christmas/Train - Shake up Christmas.mp3
Dec 29 05:28 : update: added christmas/Taylor Swift- Christmases When You Were Mine.mp3
Dec 29 05:28 : update: added christmas/Rudolph The Red Nosed Reindeer.mp3
Dec 29 05:28 : update: added christmas/Kelly Clarkson - Underneath the Tree.mp3
Dec 29 05:28 : update: added christmas/Mariah Carey - All I Want For Christmas Is You.mp3
Dec 29 05:28 : update: added christmas/Billy Gilman - Warm & Fuzzy.mp3
Dec 29 05:28 : update: added christmas/Cascada Last Christmas.mp3
Dec 29 05:28 : update: added christmas/The First Noel - Carrie Underwood.mp3
Dec 29 05:28 : update: added christmas/Michael Bublé~Have yourself a merry little Christmas.mp3
Dec 29 05:28 : update: added /Wafia - Let Me Love You (prod. Thrupence)-OLRovuOleP0.mp3
Dec 29 05:28 : update: added /Jingle Bells.mp3
Dec 29 05:28 : update: added /Milow - Ayo Technology.mp3
Dec 29 05:28 : update: added /Lights & Motion - Reanimation (Full Album).mp3
Dec 29 05:28 : update: added music/Op6AS_u-hAw.mp3
Dec 29 05:28 : update: added music/BMotion - All My Love.mp3
Dec 29 05:28 : update: added music/Stunna ft. Place 42 - Run.mp3
Dec 29 05:28 : avahi: Service 'Music Player' successfully established.
Dec 29 05:28 : update: added music/Astronaut - Quantum (Virtual Riot Remix).mp3
Dec 29 05:28 : update: added music/MÖWE - Blauer Tag (Robin Schulz Remix).mp3
Dec 29 05:28 : update: added music/Teqq vs. Alive & Kicking - Mistake (Insan3Lik3 Remix).mp3
Dec 29 05:28 : update: added music/Blake Reary - Nowhere Near (Rameses B Remix).mp3
Dec 29 05:28 : update: added music/L.A.O.S - Believe.mp3
Dec 29 05:28 : update: added music/John Newman - Love Me Again Love Thy Brother Remix.mp3
Dec 29 05:28 : update: added music/wxvz_w2JUkU.mp3
Dec 29 05:28 : update: added music/Henry Green - Electric Feel (Gespleu Downcast Edit).mp3
Dec 29 05:28 : update: added music/Liquicity Amsterdam - 8th February.mp3
Dec 29 05:28 : update: added music/'The Social Network' Soundtrack - In Motion by Trent Reznor & Atticus Ross.mp4
Dec 29 05:28 : update: added music/KOAN Sound & Asa - Starlite.mp3
Dec 29 05:28 : update: added music/Rudimental - Free feat. Emeli Sandé (Elk Road Remix).mp3
Dec 29 05:28 : update: added music/Electro House (April 2014) v3.mp3
Dec 29 05:28 : update: added music/Claptone - No Eyes (feat. Jaw) (Gamper & Dadoni Remix).mp3
Dec 29 05:28 : update: added music/AZEDIA - Agony.mp3
Dec 29 05:28 : update: added music/Astronaut - Rain (MitiS Remix).mp3
Dec 29 05:28 : update: added music/Xilent - Free Me (Smooth Remix).mp3
Dec 29 05:28 : update: added music/Frankee - Away.mp3
Dec 29 05:28 : update: added music/Maduk - Avalon VIP.mp3
Dec 29 05:28 : update: added music/Parra for Cuva - Elara.mp3
Dec 29 05:28 : update: added music/Skrux & Venemy - Eternity.mp3
Dec 29 05:28 : update: added music/Woody - Moonlight.mp3
Dec 29 05:28 : update: added music/Death Note Original Soundtrack I.mp3
Dec 29 05:28 : update: added music/Say Lou Lou - Feels Like We Only Go Backwards (Tame Impala Cover).mp3
Dec 29 05:28 : update: added music/Flush - Home.mp3
Dec 29 05:28 : update: added music/Kredo - Transistor.mp3
Dec 29 05:28 : update: added music/Priority One & TwoThirds - City Needs Sleep.mp3
Dec 29 05:28 : update: added music/Avicii - Addicted To You (Avicii By Avicii).mp3
Dec 29 05:28 : update: added music/MTNS - Lost Track of Time.mp3
Dec 29 05:28 : update: added music/Madface - Dawning.mp3
Dec 29 05:28 : update: added music/Dualistic - No Air.mp3
Dec 29 05:28 : update: added music/Jaymes Young - Fragments.mp3
Dec 29 05:28 : update: added music/Mr Probz - Waves (Robin Schulz Remix).mp3
Dec 29 05:28 : update: added music/Journey OST - Complete Soundtrack.mp3
Dec 29 05:28 : update: added music/Dirty Vegas - Let The Night (Dualistic Remix).mp3
Dec 29 05:28 : update: added music/Singularity - Vain (feat. Evan Duffy).mp3
Dec 29 05:28 : update: added music/Station Earth - Astral Walker.mp3
Dec 29 05:28 : update: added music/Porter Robinson - Sea of Voices.mp3
Dec 29 05:28 : update: added music/eelZkSWWoRE.mp4.mp3
Dec 29 05:28 : update: added music/Rameses B - Years From Now.mp3
Dec 29 05:28 : update: added music/Raise Spirit - When You're Ready.mp3
Dec 29 05:28 : update: added music/Mat Zo feat. Rachel K Collier - Only For You (Estiva Remix).mp3
Dec 29 05:28 : update: added music/DPB - Thinking About.mp3
Dec 29 05:28 : update: added music/Background Music Instrumentals - relaxdaily - B-Sides N°1.mp3
Dec 29 05:28 : update: added music/T & Sugah - Cast Away (ft. Ayve).mp3
Dec 29 05:28 : update: added music/Azedia Something - Rameses B Remix.mp3
Dec 29 05:28 : update: added music/Day One - Horizon.mp3
Dec 29 05:28 : update: added music/Champion - Phoenix.mp3
Dec 29 05:28 : update: added music/Champion - Crystallise.mp3
Dec 29 05:28 : update: added music/AYER - Circle Down.mp3
Dec 29 05:28 : update: added music/Synthetic Epiphany - Icarus (feat. CoMa).mp3
Dec 29 05:28 : update: added music/Noisestorm - Surge (Drum & Bass Mix).mp3
Dec 29 05:28 : update: added music/Hybrid Minds - Music Talks.mp3
Dec 29 05:28 : update: added music/Liquicity Antwerp - Trix 15th March.mp3
Dec 29 05:28 : update: added music/Collin McLoughlin Acetronik.mp3
Dec 29 05:28 : update: added music/Savant - Survive.mp3
Dec 29 05:28 : update: added music/Mario M - The Last Saint.mp3
Dec 29 05:28 : update: added music/Feint - Sky Dance.mp3
Dec 29 05:28 : update: added music/Lincoln Jesser - Something Right.mp3
Dec 29 05:28 : update: added music/EMBRZ - Make Your Way.mp3
Dec 29 05:28 : update: added music/Phloem - Midnight Love.mp3
Dec 29 05:28 : update: added music/Panama Wedding - All Of The People.mp3
Dec 29 05:28 : update: added music/CATHEDRALS - Unbound.mp3
Dec 29 05:28 : update: added music/Ed Sheeran - I See Fire (Kygo Remix).mp3
Dec 29 05:28 : update: added music/Task Horizon - Perfection (feat. James Gruntz).mp3
Dec 29 05:28 : update: added music/Tom Day - Future Holds.mp3
Dec 29 05:28 : update: added music/Maduk - Change.mp3
Dec 29 05:28 : update: added music/Shudan - Dreams.mp3
Dec 29 05:28 : update: added music/Popeska - Heart Of Glass ft. Denny White (Champion Remix).mp3
Dec 29 05:28 : update: added music/Zedd - Find You (Killabyte Remix).mp3
Dec 29 05:28 : update: added music/Transistor Original Soundtrack - Full Album.mp3
Dec 29 05:28 : update: added music/Mega Man 3 The Passing of the Blue Crown OC ReMix.mp3
Dec 29 05:28 : update: added music/Fracus & Darwin ft. Mi'A - Little Shadows.mp3
Dec 29 05:28 : update: added music/Mario M - Good Morning.mp3
Dec 29 05:28 : update: added music/klaypex - Lights (Skrux Remix).mp3
Dec 29 05:28 : update: added music/Bryzone - Stargaze.mp3
Dec 29 05:28 : update: added music/KOAN Sound & Asa - This Time Around feat Koo.mp3
Dec 29 05:28 : update: added music/Lenzman & Redeyes - Thieves In The Night (Technimatic Remix).mp3
Dec 29 05:28 : update: added music/Isbells - Reunite (Niklas Thal Edit).mp3
Dec 29 05:28 : update: added music/Kasbo - White Lies (feat. Lemon).mp3
Dec 29 05:28 : update: added music/Vancouver Sleep Clinic - Collapse.mp3
Dec 29 05:28 : update: added music/Christina Walls - Ready 4 It (Wavelen Remix).mp3
Dec 29 05:28 : update: added music/Stevie Wonder - Part Time Lover (Makoto & Danny Wheeler DnB Edit).mp3
Dec 29 05:28 : update: added music/Lemaitre - Cut to Black.mp3
Dec 29 05:28 : update: added music/Shirobon - Cyber Party (feat. Radix).mp3
Dec 29 05:28 : update: added music/Smallpools - Mason Jar (Monsieur Adi Remix).mp3
Dec 29 05:28 : update: added music/BCee - The Falls.mp3
Dec 29 05:28 : update: added music/Rameses B - Left Behind.mp3
Dec 29 05:28 : update: added music/Bakermat - SIMON&ME  MUSIQUE x bakermat.mp3
Dec 29 05:28 : update: added music/Seinabo Sey - Younger (Kygo Remix).mp3
Dec 29 05:28 : update: added music/Boyce Avenue - Breakeven (Lexer Edit).mp3
Dec 29 05:28 : update: added old_music/The Legend of Zelda 25th Anniversary Special Orchestra CD.mp3
Dec 29 05:28 : update: added old_music/Green Day - 21 Guns.mp3
Dec 29 05:28 : update: added old_music/Audio Network - Mars.mp3
Dec 29 05:28 : update: added old_music/EGOIST - All Alone With You.mp3
Dec 29 05:28 : update: added old_music/harukakanata.mp3
Dec 29 05:28 : update: added old_music/Higher (Tribute To Egypt).mp3
Dec 29 05:28 : update: added old_music/Salif Keita - Tomorrow.mp3
Dec 29 05:28 : update: added old_music/02 Be My Escape.mp3
Dec 29 05:28 : update: added old_music/Linkin Park - Shadow Of The Day.mp3
Dec 29 05:28 : update: added old_music/Aluto - Michi ~ to you all.mp3
Dec 29 05:28 : update: added old_music/Seishun Kyousoukyoku.mp3
Dec 29 05:28 : update: added old_music/OST. Naruto - Raiko - ALIVE.MP3
Dec 29 05:28 : update: added old_music/Nami Kaze Satellite.mp3
Dec 29 05:28 : update: added old_music/Paramore - Monster.mp3
Dec 29 05:28 : update: added old_music/Imagine Dragons - Radioactive.mp3
Dec 29 05:28 : update: added old_music/Black Eyed Peas Ft Justin Timberlake - Where Is The Love.mp3
Dec 29 05:28 : update: added old_music/Broken - Lifehouse.mp3
Dec 29 05:28 : update: added old_music/Foo Fighter - Walk.mp3
Dec 29 05:28 : update: added old_music/m.craft - Dragonfly.mp3
Dec 29 05:28 : update: added old_music/300 Violin Orchestra.mp3
Dec 29 05:28 : update: added old_music/Asian Kung-Fu Generation - Rewrite.mp3
Dec 29 05:28 : update: added old_music/Mario Vasquez- Gallery.mp3
Dec 29 05:28 : update: added old_music/Paramore - When It Rains.mp3
Dec 29 05:28 : update: added old_music/Akeboshi - Peruna.mp3
Dec 29 05:28 : update: added old_music/Green Day 21st century breakdown.mp3
Dec 29 05:28 : update: added old_music/Ben Lee - We're All In This Together.mp3
Dec 29 05:28 : update: added old_music/Someday.m4a
Dec 29 05:28 : update: added old_music/Yellow Moon.mp3
Dec 29 05:28 : update: added old_music/Yura  Yura.mp3
Dec 29 05:28 : update: added old_music/Nico Touches The Walls - Broken Youth.mp3
Dec 29 05:28 : update: added old_music/Breaking Benjamin - Rain.mp3
Dec 29 05:28 : update: added old_music/Parade.mp3
Dec 29 05:28 : update: added old_music/Away From The Sun.mp3
Dec 29 05:28 : update: added old_music/Lifehouse - Whatever It Takes.mp3
Dec 29 05:28 : update: added old_music/Ethereal Dreams - Chill Mix.mp3
Dec 29 05:28 : update: added old_music/Nico Touches The Walls - Diver.mp3
Dec 29 05:28 : update: added old_music/Motohiro Hata  - Toumei Datta Sekai Version completa.mp3
Dec 29 05:28 : update: added old_music/Sign - Flow.mp3
Dec 29 05:28 : update: added old_music/Good life -  OneRepublic.mp3
Dec 29 05:28 : update: added old_music/Naruto All Stars Shikamaru - Nagareboshi Shooting Star.mp3
Dec 29 05:28 : update: added old_music/Wind.mp3
Dec 29 05:28 : update: added old_music/Sum 41 - In Too Deep.mp3
Dec 29 05:28 : avahi: Service 'Music Player' successfully established.
Dec 29 05:29 : avahi: Service 'Music Player' successfully established.
Dec 29 05:30 : avahi: Service 'Music Player' successfully established.
Dec 29 05:39 : player: played "Super Guitar Bros (Full Album).mp3"
Dec 29 05:39 : config: option 'device' on line 223 was not recognized
Dec 29 05:39 : config: option 'mixer_device' on line 226 was not recognized
Dec 29 05:39 : config: option 'mixer_control' on line 227 was not recognized
Dec 29 05:39 : config: option 'mixer_index' on line 228 was not recognized
Dec 29 05:39 : avahi: Service 'Music Player' successfully established.
Dec 29 05:39 : player: played "Super Guitar Bros (Full Album).mp3"
Dec 29 05:39 : player: played "Sonic - Medley - Super Guitar Bros.mp3"
Dec 29 05:41 : player: played "Super Guitar Bros (Full Album).mp3"
Dec 29 05:41 : config: option 'device' on line 223 was not recognized
Dec 29 05:41 : config: option 'mixer_device' on line 226 was not recognized
Dec 29 05:41 : config: option 'mixer_control' on line 227 was not recognized
Dec 29 05:41 : config: option 'mixer_index' on line 228 was not recognized
Dec 29 05:41 : avahi: Service 'Music Player' successfully established.
Dec 29 05:43 : output: Failed to open audio output
Dec 29 05:43 : player: played "Super Guitar Bros (Full Album).mp3"
Dec 29 05:43 : output: All audio outputs are disabled
Dec 29 05:43 : player: problems opening audio device while playing "Super Guitar Bros (Full Album).mp3"
Dec 29 05:43 : player: played "Super Guitar Bros (Full Album).mp3"
Dec 29 05:43 : output: All audio outputs are disabled
Dec 29 05:43 : player: problems opening audio device while playing "James Blunt - 1973.mp3"
Dec 29 05:43 : player: played "James Blunt - 1973.mp3"
Dec 29 05:43 : output: All audio outputs are disabled
Dec 29 05:43 : player: problems opening audio device while playing "Jingle Bells.mp3"
Dec 29 05:44 : player: played "Jingle Bells.mp3"
Dec 29 05:44 : output: All audio outputs are disabled
Dec 29 05:44 : player: problems opening audio device while playing "music/Popeska - Heart Of Glass ft. Denny White (Champion Remix).mp3"
Dec 29 05:44 : player: played "music/Popeska - Heart Of Glass ft. Denny White (Champion Remix).mp3"
Dec 29 05:44 : output: All audio outputs are disabled
Dec 29 05:44 : player: problems opening audio device while playing "music/Popeska - Heart Of Glass ft. Denny White (Champion Remix).mp3"
Dec 29 05:44 : player: played "music/Popeska - Heart Of Glass ft. Denny White (Champion Remix).mp3"
Dec 29 05:44 : output: All audio outputs are disabled
Dec 29 05:44 : player: problems opening audio device while playing "music/Lincoln Jesser - Something Right.mp3"
Dec 29 05:44 : player: played "music/Lincoln Jesser - Something Right.mp3"
Dec 29 05:44 : output: All audio outputs are disabled
Dec 29 05:44 : player: problems opening audio device while playing "music/Lincoln Jesser - Something Right.mp3"
Dec 29 05:44 : player: played "music/Lincoln Jesser - Something Right.mp3"
Dec 29 05:44 : output: All audio outputs are disabled
Dec 29 05:44 : player: problems opening audio device while playing "old_music/The Legend of Zelda 25th Anniversary Special Orchestra CD.mp3"
Dec 29 05:45 : player: played "old_music/The Legend of Zelda 25th Anniversary Special Orchestra CD.mp3"
Dec 29 05:45 : output: All audio outputs are disabled
Dec 29 05:45 : player: problems opening audio device while playing "old_music/Higher (Tribute To Egypt).mp3"
Dec 29 05:45 : player: played "old_music/Higher (Tribute To Egypt).mp3"
Dec 29 05:45 : output: All audio outputs are disabled
Dec 29 05:45 : player: problems opening audio device while playing "old_music/The Legend of Zelda 25th Anniversary Special Orchestra CD.mp3"
Dec 29 05:45 : player: played "old_music/The Legend of Zelda 25th Anniversary Special Orchestra CD.mp3"
Dec 29 05:45 : output: All audio outputs are disabled
Dec 29 05:45 : player: problems opening audio device while playing "James Blunt - 1973.mp3"
Dec 29 05:45 : player: played "James Blunt - 1973.mp3"
Dec 29 05:45 : config: option 'device' on line 223 was not recognized
Dec 29 05:45 : config: option 'mixer_device' on line 226 was not recognized
Dec 29 05:45 : config: option 'mixer_control' on line 227 was not recognized
Dec 29 05:45 : config: option 'mixer_index' on line 228 was not recognized
Dec 29 05:45 : avahi: Service 'Music Player' successfully established.
Dec 29 05:45 : player: played "James Blunt - 1973.mp3"
Dec 29 05:45 : output: All audio outputs are disabled
Dec 29 05:45 : player: problems opening audio device while playing "music/Fracus & Darwin ft. Mi'A - Little Shadows.mp3"
Dec 29 05:45 : player: played "music/Fracus & Darwin ft. Mi'A - Little Shadows.mp3"
Dec 29 05:45 : output: All audio outputs are disabled
Dec 29 05:45 : player: problems opening audio device while playing "music/Fracus & Darwin ft. Mi'A - Little Shadows.mp3"
Dec 29 05:45 : player: played "music/Fracus & Darwin ft. Mi'A - Little Shadows.mp3"
Dec 29 05:45 : output: All audio outputs are disabled
Dec 29 05:45 : player: problems opening audio device while playing "music/Fracus & Darwin ft. Mi'A - Little Shadows.mp3"
Dec 29 05:45 : player: played "music/Fracus & Darwin ft. Mi'A - Little Shadows.mp3"
Dec 29 05:45 : output: All audio outputs are disabled
Dec 29 05:45 : player: problems opening audio device while playing "music/Fracus & Darwin ft. Mi'A - Little Shadows.mp3"
Dec 29 05:45 : player: played "music/Fracus & Darwin ft. Mi'A - Little Shadows.mp3"
Dec 29 05:45 : output: All audio outputs are disabled
Dec 29 05:45 : player: problems opening audio device while playing "music/Fracus & Darwin ft. Mi'A - Little Shadows.mp3"
Dec 29 05:45 : player: played "music/Fracus & Darwin ft. Mi'A - Little Shadows.mp3"
Dec 29 05:45 : output: All audio outputs are disabled
Dec 29 05:45 : player: problems opening audio device while playing "music/Fracus & Darwin ft. Mi'A - Little Shadows.mp3"
Dec 29 05:45 : player: played "music/Fracus & Darwin ft. Mi'A - Little Shadows.mp3"
Dec 29 05:45 : output: All audio outputs are disabled
Dec 29 05:45 : player: problems opening audio device while playing "music/Fracus & Darwin ft. Mi'A - Little Shadows.mp3"
Dec 29 05:45 : player: played "music/Fracus & Darwin ft. Mi'A - Little Shadows.mp3"
Dec 29 05:45 : output: All audio outputs are disabled
Dec 29 05:45 : player: problems opening audio device while playing "music/Fracus & Darwin ft. Mi'A - Little Shadows.mp3"
Dec 29 05:45 : player: played "music/Fracus & Darwin ft. Mi'A - Little Shadows.mp3"
Dec 29 05:45 : output: All audio outputs are disabled
Dec 29 05:45 : player: problems opening audio device while playing "music/Fracus & Darwin ft. Mi'A - Little Shadows.mp3"
Dec 29 05:45 : player: played "music/Fracus & Darwin ft. Mi'A - Little Shadows.mp3"
Dec 29 05:45 : output: All audio outputs are disabled
Dec 29 05:45 : player: problems opening audio device while playing "music/Fracus & Darwin ft. Mi'A - Little Shadows.mp3"
Dec 29 05:45 : player: played "music/Fracus & Darwin ft. Mi'A - Little Shadows.mp3"
Dec 29 05:45 : output: All audio outputs are disabled
Dec 29 05:45 : player: problems opening audio device while playing "music/Fracus & Darwin ft. Mi'A - Little Shadows.mp3"
Dec 29 05:45 : player: played "music/Fracus & Darwin ft. Mi'A - Little Shadows.mp3"
Dec 29 05:45 : output: All audio outputs are disabled
Dec 29 05:45 : player: problems opening audio device while playing "music/Fracus & Darwin ft. Mi'A - Little Shadows.mp3"
Dec 29 05:45 : player: played "music/Fracus & Darwin ft. Mi'A - Little Shadows.mp3"
Dec 29 05:45 : output: All audio outputs are disabled
Dec 29 05:45 : player: problems opening audio device while playing "music/Fracus & Darwin ft. Mi'A - Little Shadows.mp3"
Dec 29 05:45 : player: played "music/Fracus & Darwin ft. Mi'A - Little Shadows.mp3"
Dec 29 05:45 : output: All audio outputs are disabled
Dec 29 05:45 : player: problems opening audio device while playing "music/Fracus & Darwin ft. Mi'A - Little Shadows.mp3"
Dec 29 05:45 : player: played "music/Fracus & Darwin ft. Mi'A - Little Shadows.mp3"
Dec 29 05:45 : output: All audio outputs are disabled
Dec 29 05:45 : player: problems opening audio device while playing "music/Fracus & Darwin ft. Mi'A - Little Shadows.mp3"
Dec 29 05:45 : player: played "music/Fracus & Darwin ft. Mi'A - Little Shadows.mp3"
Dec 29 05:45 : output: All audio outputs are disabled
Dec 29 05:45 : player: problems opening audio device while playing "music/Fracus & Darwin ft. Mi'A - Little Shadows.mp3"
Dec 29 05:45 : player: played "music/Fracus & Darwin ft. Mi'A - Little Shadows.mp3"
Dec 29 05:45 : output: All audio outputs are disabled
Dec 29 05:45 : player: problems opening audio device while playing "music/Fracus & Darwin ft. Mi'A - Little Shadows.mp3"
Dec 29 05:45 : player: played "music/Fracus & Darwin ft. Mi'A - Little Shadows.mp3"
Dec 29 05:45 : output: All audio outputs are disabled
Dec 29 05:45 : player: problems opening audio device while playing "music/Fracus & Darwin ft. Mi'A - Little Shadows.mp3"
Dec 29 05:45 : player: played "music/Fracus & Darwin ft. Mi'A - Little Shadows.mp3"
Dec 29 05:45 : output: All audio outputs are disabled
Dec 29 05:45 : player: problems opening audio device while playing "music/Fracus & Darwin ft. Mi'A - Little Shadows.mp3"
Dec 29 05:45 : player: played "music/Fracus & Darwin ft. Mi'A - Little Shadows.mp3"
Dec 29 05:45 : output: All audio outputs are disabled
Dec 29 05:45 : player: problems opening audio device while playing "music/Fracus & Darwin ft. Mi'A - Little Shadows.mp3"
Dec 29 05:45 : player: played "music/Fracus & Darwin ft. Mi'A - Little Shadows.mp3"
Dec 29 05:45 : output: All audio outputs are disabled
Dec 29 05:45 : player: problems opening audio device while playing "music/Fracus & Darwin ft. Mi'A - Little Shadows.mp3"
Dec 29 05:45 : player: played "music/Fracus & Darwin ft. Mi'A - Little Shadows.mp3"
Dec 29 05:45 : output: All audio outputs are disabled
Dec 29 05:45 : player: problems opening audio device while playing "music/Fracus & Darwin ft. Mi'A - Little Shadows.mp3"
Dec 29 05:45 : player: played "music/Fracus & Darwin ft. Mi'A - Little Shadows.mp3"
Dec 29 05:45 : output: All audio outputs are disabled
Dec 29 05:45 : player: problems opening audio device while playing "music/Fracus & Darwin ft. Mi'A - Little Shadows.mp3"
Dec 29 05:45 : player: played "music/Fracus & Darwin ft. Mi'A - Little Shadows.mp3"
Dec 29 05:45 : output: All audio outputs are disabled
Dec 29 05:45 : player: problems opening audio device while playing "music/Fracus & Darwin ft. Mi'A - Little Shadows.mp3"
Dec 29 05:45 : player: played "music/Fracus & Darwin ft. Mi'A - Little Shadows.mp3"
Dec 29 05:45 : output: All audio outputs are disabled
Dec 29 05:45 : player: problems opening audio device while playing "music/Fracus & Darwin ft. Mi'A - Little Shadows.mp3"
Dec 29 05:45 : player: played "music/Fracus & Darwin ft. Mi'A - Little Shadows.mp3"
Dec 29 05:45 : output: All audio outputs are disabled
Dec 29 05:45 : player: problems opening audio device while playing "music/Fracus & Darwin ft. Mi'A - Little Shadows.mp3"
Dec 29 05:45 : player: played "music/Fracus & Darwin ft. Mi'A - Little Shadows.mp3"
Dec 29 05:45 : output: All audio outputs are disabled
Dec 29 05:45 : player: problems opening audio device while playing "music/Fracus & Darwin ft. Mi'A - Little Shadows.mp3"
Dec 29 05:45 : player: played "music/Fracus & Darwin ft. Mi'A - Little Shadows.mp3"
Dec 29 05:45 : output: All audio outputs are disabled
Dec 29 05:45 : player: problems opening audio device while playing "music/Fracus & Darwin ft. Mi'A - Little Shadows.mp3"
Dec 29 05:45 : player: played "music/Fracus & Darwin ft. Mi'A - Little Shadows.mp3"
Dec 29 05:45 : output: All audio outputs are disabled
Dec 29 05:45 : player: problems opening audio device while playing "music/Fracus & Darwin ft. Mi'A - Little Shadows.mp3"
Dec 29 05:45 : player: played "music/Fracus & Darwin ft. Mi'A - Little Shadows.mp3"
Dec 29 05:45 : output: All audio outputs are disabled
Dec 29 05:45 : player: problems opening audio device while playing "music/Fracus & Darwin ft. Mi'A - Little Shadows.mp3"
Dec 29 05:45 : player: played "music/Fracus & Darwin ft. Mi'A - Little Shadows.mp3"
Dec 29 05:45 : output: All audio outputs are disabled
Dec 29 05:45 : player: problems opening audio device while playing "music/Fracus & Darwin ft. Mi'A - Little Shadows.mp3"
Dec 29 05:45 : player: played "music/Fracus & Darwin ft. Mi'A - Little Shadows.mp3"
Dec 29 05:45 : output: All audio outputs are disabled
Dec 29 05:45 : player: problems opening audio device while playing "music/Fracus & Darwin ft. Mi'A - Little Shadows.mp3"
Dec 29 05:45 : player: played "music/Fracus & Darwin ft. Mi'A - Little Shadows.mp3"
Dec 29 05:45 : output: All audio outputs are disabled
Dec 29 05:45 : player: problems opening audio device while playing "music/Fracus & Darwin ft. Mi'A - Little Shadows.mp3"
Dec 29 05:45 : player: played "music/Fracus & Darwin ft. Mi'A - Little Shadows.mp3"
Dec 29 05:45 : output: All audio outputs are disabled
Dec 29 05:45 : player: problems opening audio device while playing "music/Fracus & Darwin ft. Mi'A - Little Shadows.mp3"
Dec 29 05:45 : player: played "music/Fracus & Darwin ft. Mi'A - Little Shadows.mp3"
Dec 29 05:45 : output: All audio outputs are disabled
Dec 29 05:45 : player: problems opening audio device while playing "music/Fracus & Darwin ft. Mi'A - Little Shadows.mp3"
Dec 29 05:45 : player: played "music/Fracus & Darwin ft. Mi'A - Little Shadows.mp3"
Dec 29 05:45 : output: All audio outputs are disabled
Dec 29 05:45 : player: problems opening audio device while playing "music/Fracus & Darwin ft. Mi'A - Little Shadows.mp3"
Dec 29 05:45 : player: played "music/Fracus & Darwin ft. Mi'A - Little Shadows.mp3"
Dec 29 05:45 : output: All audio outputs are disabled
Dec 29 05:45 : player: problems opening audio device while playing "music/Fracus & Darwin ft. Mi'A - Little Shadows.mp3"
Dec 29 05:45 : player: played "music/Fracus & Darwin ft. Mi'A - Little Shadows.mp3"
Dec 29 05:45 : output: All audio outputs are disabled
Dec 29 05:45 : player: problems opening audio device while playing "music/Fracus & Darwin ft. Mi'A - Little Shadows.mp3"
Dec 29 05:45 : player: played "music/Fracus & Darwin ft. Mi'A - Little Shadows.mp3"
Dec 29 05:45 : output: All audio outputs are disabled
Dec 29 05:45 : player: problems opening audio device while playing "music/Fracus & Darwin ft. Mi'A - Little Shadows.mp3"
Dec 29 05:45 : player: played "music/Fracus & Darwin ft. Mi'A - Little Shadows.mp3"
Dec 29 05:45 : output: All audio outputs are disabled
Dec 29 05:45 : player: problems opening audio device while playing "music/Fracus & Darwin ft. Mi'A - Little Shadows.mp3"
Dec 29 05:45 : player: played "music/Fracus & Darwin ft. Mi'A - Little Shadows.mp3"
Dec 29 05:45 : output: All audio outputs are disabled
Dec 29 05:45 : player: problems opening audio device while playing "music/Feint - Sky Dance.mp3"
Dec 29 05:45 : player: played "music/Feint - Sky Dance.mp3"
Dec 29 05:45 : output: All audio outputs are disabled
Dec 29 05:45 : player: problems opening audio device while playing "music/Feint - Sky Dance.mp3"
Dec 29 05:45 : player: played "music/Feint - Sky Dance.mp3"
Dec 29 05:45 : output: All audio outputs are disabled
Dec 29 05:45 : player: problems opening audio device while playing "music/Feint - Sky Dance.mp3"
Dec 29 05:45 : player: played "music/Feint - Sky Dance.mp3"
Dec 29 05:45 : output: All audio outputs are disabled
Dec 29 05:45 : player: problems opening audio device while playing "music/Feint - Sky Dance.mp3"
Dec 29 05:46 : player: played "music/Feint - Sky Dance.mp3"
Dec 29 05:46 : output: All audio outputs are disabled
Dec 29 05:46 : player: problems opening audio device while playing "Jason Marz - I'm Yours.mp3"
Dec 29 05:46 : player: played "Jason Marz - I'm Yours.mp3"
Dec 29 05:46 : output: All audio outputs are disabled
Dec 29 05:46 : player: problems opening audio device while playing "Wafia - Let Me Love You (prod. Thrupence)-OLRovuOleP0.mp3"
Dec 29 05:46 : player: played "Wafia - Let Me Love You (prod. Thrupence)-OLRovuOleP0.mp3"
Dec 29 05:46 : player: played "Wafia - Let Me Love You (prod. Thrupence)-OLRovuOleP0.mp3"
Dec 29 05:46 : player: played "Super Guitar Bros (Full Album).mp3"
Dec 29 05:46 : player: played "Sonic - Medley - Super Guitar Bros.mp3"
Dec 29 05:47 : player: played "music/Jaymes Young - Fragments.mp3"
Dec 29 05:48 : player: played "music/Collin McLoughlin Acetronik.mp3"
Dec 29 05:48 : player: played "music/Jaymes Young - Fragments.mp3"
Dec 29 05:48 : player: played "music/Isbells - Reunite (Niklas Thal Edit).mp3"
Dec 29 05:48 : player: played "music/Hybrid Minds - Music Talks.mp3"
Dec 29 05:48 : player: played "music/Henry Green - Electric Feel (Gespleu Downcast Edit).mp3"
Dec 29 05:48 : player: played "music/Frankee - Away.mp3"
Dec 29 05:48 : player: played "music/Fracus & Darwin ft. Mi'A - Little Shadows.mp3"
Dec 29 05:48 : player: played "music/Flush - Home.mp3"
Dec 29 05:48 : player: played "music/Feint - Sky Dance.mp3"
Dec 29 05:48 : player: played "music/Electro House (April 2014) v3.mp3"
Dec 29 05:48 : player: played "music/EMBRZ - Make Your Way.mp3"
Dec 29 05:48 : player: played "music/Dualistic - No Air.mp3"
Dec 29 05:48 : player: played "music/Dirty Vegas - Let The Night (Dualistic Remix).mp3"
Dec 29 05:48 : player: played "music/Death Note Original Soundtrack I.mp3"
Dec 29 05:48 : player: played "music/Day One - Horizon.mp3"
Dec 29 05:48 : player: played "music/DPB - Thinking About.mp3"
Dec 29 05:48 : player: played "James Blunt - 1973.mp3"
Dec 29 05:48 : player: played "music/Claptone - No Eyes (feat. Jaw) (Gamper & Dadoni Remix).mp3"
Dec 29 05:48 : player: played "music/Christina Walls - Ready 4 It (Wavelen Remix).mp3"
Dec 29 05:48 : player: played "music/Champion - Phoenix.mp3"
Dec 29 05:48 : player: played "music/Champion - Crystallise.mp3"
Dec 29 05:48 : player: played "music/CATHEDRALS - Unbound.mp3"
Dec 29 05:48 : player: played "music/Bryzone - Stargaze.mp3"
Dec 29 05:48 : player: played "music/Boyce Avenue - Breakeven (Lexer Edit).mp3"
Dec 29 05:48 : player: played "music/Blake Reary - Nowhere Near (Rameses B Remix).mp3"
Dec 29 05:48 : player: played "music/Bakermat - SIMON&ME  MUSIQUE x bakermat.mp3"
Dec 29 05:48 : player: played "music/Background Music Instrumentals - relaxdaily - B-Sides N°1.mp3"
Dec 29 05:48 : player: played "music/BMotion - All My Love.mp3"
Dec 29 05:48 : player: played "music/BCee - The Falls.mp3"
Dec 29 05:48 : player: played "music/Azedia Something - Rameses B Remix.mp3"
Dec 29 05:48 : player: played "music/Avicii - Addicted To You (Avicii By Avicii).mp3"
Dec 29 05:48 : player: played "music/Astronaut - Rain (MitiS Remix).mp3"
Dec 29 05:48 : player: played "James Blunt - 1973.mp3"
Dec 29 05:48 : player: played "Lights & Motion - Reanimation (Full Album).mp3"
Dec 29 05:50 : pulse_output: "music" [pulse] failed to play: suspended
Dec 29 05:50 : output: Failed to open audio output
Dec 29 05:51 : player: played "Lights & Motion - Reanimation (Full Album).mp3"
Dec 29 05:51 : player: played "Milow - Ayo Technology.mp3"
Dec 29 05:51 : pulse_output: "music" [pulse] failed to play: suspended
Dec 29 05:51 : output: Failed to open audio output
Dec 29 05:51 : player: played "Milow - Ayo Technology.mp3"
Dec 29 05:51 : player: played "Lights & Motion - Reanimation (Full Album).mp3"
Dec 29 05:55 : player: played "Milow - Ayo Technology.mp3"
Dec 29 08:57 : player: played "Lights & Motion - Reanimation (Full Album).mp3"
Dec 29 08:57 : player: played "Milow - Ayo Technology.mp3"
Dec 29 09:40 : player: played "Lights & Motion - Reanimation (Full Album).mp3"
Dec 29 09:40 : config: option 'device' on line 223 was not recognized
Dec 29 09:40 : config: option 'mixer_device' on line 226 was not recognized
Dec 29 09:40 : config: option 'mixer_control' on line 227 was not recognized
Dec 29 09:40 : config: option 'mixer_index' on line 228 was not recognized
Dec 29 09:40 : avahi: Service 'Music Player' successfully established.
Dec 29 09:40 : player: played "Lights & Motion - Reanimation (Full Album).mp3"
Dec 29 09:40 : config: option 'device' on line 223 was not recognized
Dec 29 09:40 : config: option 'mixer_device' on line 226 was not recognized
Dec 29 09:40 : config: option 'mixer_control' on line 227 was not recognized
Dec 29 09:40 : config: option 'mixer_index' on line 228 was not recognized
Dec 29 09:40 : avahi: Service 'Music Player' successfully established.
Dec 29 09:41 : player: played "Lights & Motion - Reanimation (Full Album).mp3"
Dec 29 09:44 : player: played "Milow - Ayo Technology.mp3"
Dec 29 09:48 : player: played "James Blunt - 1973.mp3"
Dec 29 09:48 : output: All audio outputs are disabled
Dec 29 09:48 : player: problems opening audio device while playing "James Blunt - 1973.mp3"
Dec 29 09:48 : avahi: Service 'Music Player' successfully established.
Dec 29 09:49 : player: played "James Blunt - 1973.mp3"
Dec 29 09:49 : output: Failed to open audio output
Dec 29 09:49 : player: played "James Blunt - 1973.mp3"
Dec 29 09:49 : player: played "Milow - Ayo Technology.mp3"
Dec 29 09:49 : config: option 'device' on line 223 was not recognized
Dec 29 09:49 : config: option 'mixer_device' on line 226 was not recognized
Dec 29 09:49 : config: option 'mixer_control' on line 227 was not recognized
Dec 29 09:49 : config: option 'mixer_index' on line 228 was not recognized
Dec 29 09:49 : avahi: Service 'Music Player' successfully established.
Dec 29 09:50 : player: played "Milow - Ayo Technology.mp3"
Dec 29 09:50 : config: option 'device' on line 223 was not recognized
Dec 29 09:50 : config: option 'mixer_device' on line 226 was not recognized
Dec 29 09:50 : config: option 'mixer_control' on line 227 was not recognized
Dec 29 09:50 : config: option 'mixer_index' on line 228 was not recognized
Dec 29 09:50 : player: played "Milow - Ayo Technology.mp3"
Dec 29 09:50 : config: option 'device' on line 223 was not recognized
Dec 29 09:50 : config: option 'mixer_device' on line 226 was not recognized
Dec 29 09:50 : config: option 'mixer_control' on line 227 was not recognized
Dec 29 09:50 : config: option 'mixer_index' on line 228 was not recognized
Dec 29 09:50 : avahi: Service 'Music Player' successfully established.
Dec 29 09:52 : player: played "Milow - Ayo Technology.mp3"
Dec 29 09:52 : avahi: Service 'Music Player' successfully established.
Dec 29 09:53 : player: played "Milow - Ayo Technology.mp3"
Dec 29 09:54 : player: played "James Blunt - 1973.mp3"
Dec 29 09:54 : avahi: Service 'Music Player' successfully established.
Dec 29 09:54 : player: played "James Blunt - 1973.mp3"
Dec 29 09:54 : avahi: Service 'Music Player' successfully established.
Dec 29 09:54 : player: played "James Blunt - 1973.mp3"
Dec 29 09:54 : avahi: Service 'Music Player' successfully established.
Dec 29 09:54 : player: played "James Blunt - 1973.mp3"
Dec 29 09:54 : avahi: Service 'Music Player' successfully established.
Dec 29 09:56 : player: played "James Blunt - 1973.mp3"
Dec 29 09:56 : avahi: Service 'Music Player' successfully established.
Dec 29 09:57 : player: played "James Blunt - 1973.mp3"
Dec 29 09:57 : avahi: Service 'Music Player' successfully established.
Dec 29 09:57 : player: played "James Blunt - 1973.mp3"
Dec 29 09:57 : avahi: Service 'Music Player' successfully established.
Dec 29 09:58 : player: played "James Blunt - 1973.mp3"
Dec 29 09:59 : player: played "Lights & Motion - Reanimation (Full Album).mp3"
Dec 29 09:59 : avahi: Service 'Music Player' successfully established.
Dec 29 10:00 : player: played "Lights & Motion - Reanimation (Full Album).mp3"
Dec 29 10:00 : avahi: Service 'Music Player' successfully established.
Dec 29 10:01 : player: played "Lights & Motion - Reanimation (Full Album).mp3"
Dec 29 10:01 : avahi: Service 'Music Player' successfully established.
Dec 29 10:02 : player: played "Lights & Motion - Reanimation (Full Album).mp3"
Dec 29 10:02 : avahi: Service 'Music Player' successfully established.
Dec 29 10:03 : player: played "Lights & Motion - Reanimation (Full Album).mp3"
Dec 29 10:03 : player: played "James Blunt - 1973.mp3"
Dec 29 10:03 : avahi: Service 'Music Player' successfully established.
Dec 29 10:03 : player: played "James Blunt - 1973.mp3"
Dec 29 10:03 : avahi: Service 'Music Player' successfully established.
Dec 29 10:04 : player: played "James Blunt - 1973.mp3"
Dec 29 10:04 : avahi: Service 'Music Player' successfully established.
Dec 29 10:04 : player: played "Lights & Motion - Reanimation (Full Album).mp3"
Dec 29 10:04 : avahi: Service 'Music Player' successfully established.
Dec 29 10:05 : player: played "Lights & Motion - Reanimation (Full Album).mp3"
Dec 29 10:05 : avahi: Service 'Music Player' successfully established.
Dec 29 10:06 : player: played "Lights & Motion - Reanimation (Full Album).mp3"
Dec 29 10:06 : avahi: Service 'Music Player' successfully established.
Dec 29 10:06 : player: played "Lights & Motion - Reanimation (Full Album).mp3"
Dec 29 10:06 : avahi: Service 'Music Player' successfully established.
Dec 29 10:08 : player: played "Lights & Motion - Reanimation (Full Album).mp3"
Dec 29 10:08 : avahi: Service 'Music Player' successfully established.
Dec 29 10:08 : player: played "Lights & Motion - Reanimation (Full Album).mp3"
Dec 29 10:08 : avahi: Service 'Music Player' successfully established.
Dec 29 10:09 : player: played "Lights & Motion - Reanimation (Full Album).mp3"
Dec 29 10:09 : avahi: Service 'Music Player' successfully established.
Dec 29 10:09 : player: played "Lights & Motion - Reanimation (Full Album).mp3"
Dec 29 10:09 : avahi: Service 'Music Player' successfully established.
Dec 29 10:10 : player: played "Lights & Motion - Reanimation (Full Album).mp3"
Dec 29 10:10 : avahi: Service 'Music Player' successfully established.
Dec 29 10:10 : player: played "Lights & Motion - Reanimation (Full Album).mp3"
Dec 29 10:11 : player: played "Lights & Motion - Reanimation (Full Album).mp3"
Dec 29 10:11 : avahi: Service 'Music Player' successfully established.
Dec 29 10:24 : player: played "Lights & Motion - Reanimation (Full Album).mp3"
Dec 29 10:24 : avahi: Service 'Music Player' successfully established.
Dec 29 10:49 : player: played "Lights & Motion - Reanimation (Full Album).mp3"
Dec 29 10:49 : player: played "old_music/Akeboshi - Peruna.mp3"
Dec 29 10:49 : player: played "old_music/Asian Kung-Fu Generation - Rewrite.mp3"
Dec 29 10:49 : player: played "old_music/Audio Network - Mars.mp3"
Dec 29 10:49 : player: played "old_music/Away From The Sun.mp3"
Dec 29 10:50 : player: played "old_music/Nico Touches The Walls - Diver.mp3"
Dec 29 10:50 : player: played "old_music/02 Be My Escape.mp3"
Dec 29 10:50 : player: played "old_music/Akeboshi - Peruna.mp3"
Dec 29 10:53 : player: played "old_music/Asian Kung-Fu Generation - Rewrite.mp3"
Dec 29 10:57 : player: played "old_music/Asian Kung-Fu Generation - Rewrite.mp3"
Dec 29 11:12 : player: played "old_music/Green Day - 21 Guns.mp3"
Dec 29 11:16 : avahi: Service 'Music Player' successfully established.
